# JRE version: Java(TM) SE Runtime Environment (8.0_151-b12) (build 1.8.0_151-b12)
# Java VM: Java HotSpot(TM) 64-Bit Server VM (25.151-b12 mixed mode windows-amd64 compressed oops)
Heap:
 PSYoungGen      total 76288K, used 27835K [0x000000076b400000, 0x0000000770900000, 0x00000007c0000000)
  eden space 65536K, 42% used [0x000000076b400000,0x000000076cf2eda8,0x000000076f400000)
  from space 10752K, 0% used [0x000000076fe80000,0x000000076fe80000,0x0000000770900000)
  to   space 10752K, 0% used [0x000000076f400000,0x000000076f400000,0x000000076fe80000)
 ParOldGen       total 126464K, used 34094K [0x00000006c1c00000, 0x00000006c9780000, 0x000000076b400000)
  object space 126464K, 26% used [0x00000006c1c00000,0x00000006c3d4b9f8,0x00000006c9780000)
 Metaspace       used 22092K, capacity 23274K, committed 23552K, reserved 1069056K
  class space    used 2958K, capacity 3222K, committed 3328K, reserved 1048576K
GC Heap History (6 events):
Event: 845.933 GC heap before
{Heap before GC invocations=1 (full 0):
 PSYoungGen      total 76288K, used 64375K [0x000000076b400000, 0x0000000770900000, 0x00000007c0000000)
  eden space 65536K, 98% used [0x000000076b400000,0x000000076f2ddfb0,0x000000076f400000)
  from space 10752K, 0% used [0x000000076fe80000,0x000000076fe80000,0x0000000770900000)
  to   space 10752K, 0% used [0x000000076f400000,0x000000076f400000,0x000000076fe80000)
 ParOldGen       total 175104K, used 0K [0x00000006c1c00000, 0x00000006cc700000, 0x000000076b400000)
  object space 175104K, 0% used [0x00000006c1c00000,0x00000006c1c00000,0x00000006cc700000)
 Metaspace       used 17835K, capacity 18540K, committed 18560K, reserved 1064960K
  class space    used 2485K, capacity 2671K, committed 2688K, reserved 1048576K
Event: 845.949 GC heap after
Heap after GC invocations=1 (full 0):
 PSYoungGen      total 76288K, used 10744K [0x000000076b400000, 0x0000000770900000, 0x00000007c0000000)
  eden space 65536K, 0% used [0x000000076b400000,0x000000076b400000,0x000000076f400000)
  from space 10752K, 99% used [0x000000076f400000,0x000000076fe7e3e0,0x000000076fe80000)
  to   space 10752K, 0% used [0x000000076fe80000,0x000000076fe80000,0x0000000770900000)
 ParOldGen       total 175104K, used 22681K [0x00000006c1c00000, 0x00000006cc700000, 0x000000076b400000)
  object space 175104K, 12% used [0x00000006c1c00000,0x00000006c3226730,0x00000006cc700000)
 Metaspace       used 17835K, capacity 18540K, committed 18560K, reserved 1064960K
  class space    used 2485K, capacity 2671K, committed 2688K, reserved 1048576K
}
Event: 2511.129 GC heap before
{Heap before GC invocations=2 (full 0):
 PSYoungGen      total 76288K, used 47442K [0x000000076b400000, 0x0000000770900000, 0x00000007c0000000)
  eden space 65536K, 55% used [0x000000076b400000,0x000000076d7d67f8,0x000000076f400000)
  from space 10752K, 99% used [0x000000076f400000,0x000000076fe7e3e0,0x000000076fe80000)
  to   space 10752K, 0% used [0x000000076fe80000,0x000000076fe80000,0x0000000770900000)
 ParOldGen       total 175104K, used 22681K [0x00000006c1c00000, 0x00000006cc700000, 0x000000076b400000)
  object space 175104K, 12% used [0x00000006c1c00000,0x00000006c3226730,0x00000006cc700000)
 Metaspace       used 20086K, capacity 21094K, committed 21248K, reserved 1067008K
  class space    used 2741K, capacity 2960K, committed 3072K, reserved 1048576K
Event: 2511.140 GC heap after
Heap after GC invocations=2 (full 0):
 PSYoungGen      total 76288K, used 10746K [0x000000076b400000, 0x0000000770900000, 0x00000007c0000000)
  eden space 65536K, 0% used [0x000000076b400000,0x000000076b400000,0x000000076f400000)
  from space 10752K, 99% used [0x000000076fe80000,0x00000007708fe930,0x0000000770900000)
  to   space 10752K, 0% used [0x000000076f400000,0x000000076f400000,0x000000076fe80000)
 ParOldGen       total 175104K, used 30469K [0x00000006c1c00000, 0x00000006cc700000, 0x000000076b400000)
  object space 175104K, 17% used [0x00000006c1c00000,0x00000006c39c17a0,0x00000006cc700000)
 Metaspace       used 20086K, capacity 21094K, committed 21248K, reserved 1067008K
  class space    used 2741K, capacity 2960K, committed 3072K, reserved 1048576K
}
Event: 2511.140 GC heap before
{Heap before GC invocations=3 (full 1):
 PSYoungGen      total 76288K, used 10746K [0x000000076b400000, 0x0000000770900000, 0x00000007c0000000)
  eden space 65536K, 0% used [0x000000076b400000,0x000000076b400000,0x000000076f400000)
  from space 10752K, 99% used [0x000000076fe80000,0x00000007708fe930,0x0000000770900000)
  to   space 10752K, 0% used [0x000000076f400000,0x000000076f400000,0x000000076fe80000)
 ParOldGen       total 175104K, used 30469K [0x00000006c1c00000, 0x00000006cc700000, 0x000000076b400000)
  object space 175104K, 17% used [0x00000006c1c00000,0x00000006c39c17a0,0x00000006cc700000)
 Metaspace       used 20086K, capacity 21094K, committed 21248K, reserved 1067008K
  class space    used 2741K, capacity 2960K, committed 3072K, reserved 1048576K
Event: 2511.171 GC heap after
Heap after GC invocations=3 (full 1):
 PSYoungGen      total 76288K, used 0K [0x000000076b400000, 0x0000000770900000, 0x00000007c0000000)
  eden space 65536K, 0% used [0x000000076b400000,0x000000076b400000,0x000000076f400000)
  from space 10752K, 0% used [0x000000076fe80000,0x000000076fe80000,0x0000000770900000)
  to   space 10752K, 0% used [0x000000076f400000,0x000000076f400000,0x000000076fe80000)
 ParOldGen       total 126464K, used 34094K [0x00000006c1c00000, 0x00000006c9780000, 0x000000076b400000)
  object space 126464K, 26% used [0x00000006c1c00000,0x00000006c3d4b9f8,0x00000006c9780000)
 Metaspace       used 20086K, capacity 21094K, committed 21248K, reserved 1067008K
  class space    used 2741K, capacity 2960K, committed 3072K, reserved 1048576K
}

